<?xml version="1.0" encoding="UTF-8"?>
<!-- Generated by org.testng.reporters.JUnitXMLReporter -->
<testsuite ignored="6" hostname="DESKTOP-EER3MNQ" failures="2" tests="16" name="MYXfitness Resgression Test Classes" time="184.772" errors="0" timestamp="2021-02-22T11:47:04 ART">
  <testcase classname="testCases.LogInCases" name="invalidEmail" time="5.928"/>
  <testcase classname="testCases.LogInCases" name="invalidPassword" time="4.544">
    <failure type="java.lang.AssertionError" message="The following asserts failed:
	expected [true] but found [false]">
      <![CDATA[java.lang.AssertionError: The following asserts failed:
expected [true] but found [false]
at testCases.LogInCases.invalidPassword(LogInCases.java:89)
at java.base/java.util.ArrayList.forEach(ArrayList.java:1511)
... Removed 33 stack frames]]>
    </failure>
  </testcase> <!-- invalidPassword -->
  <testcase classname="testCases.LogInCases" name="noEmailAndPassword" time="3.455"/>
  <testcase classname="testCases.LogInCases" name="passwordRecoveryEmpty" time="3.566"/>
  <testcase classname="testCases.LogInCases" name="passwordRecoveryWrongEmail" time="5.872"/>
  <testcase classname="testCases.LogInCases" name="passwordRecoveryzValid" time="5.017"/>
  <testcase classname="testCases.LogInCases" name="iDontHaveAccount" time="2.851"/>
  <testcase classname="testCases.LogInCases" name="validEmailAndPassword" time="6.55"/>
  <testcase classname="testCases.WhosWorkingCases" name="validateOptionsAvailable" time="11.289"/>
  <testcase classname="testCases.HomeScreenCases" name="openMenu" time="0.857"/>
  <testcase classname="testCases.HomeScreenCases" name="openMenuCheckProfiles" time="1.423"/>
  <testcase classname="testCases.HomeScreenCases" name="openMenuSwitchProfiles" time="7.29"/>
  <testcase classname="testCases.HomeScreenCases" name="openMenuCheckAddUser" time="21.918">
    <failure type="org.openqa.selenium.NoSuchElementException" message="An element could not be located on the page using the given search parameters.
For documentation on this error, please visit: https://www.seleniumhq.org/exceptions/no_such_element.html
Build info: version: &amp;apos;3.141.59&amp;apos;, revision: &amp;apos;e82be7d358&amp;apos;, time: &amp;apos;2018-11-14T08:17:03&amp;apos;
System info: host: &amp;apos;DESKTOP-EER3MNQ&amp;apos;, ip: &amp;apos;192.168.1.64&amp;apos;, os.name: &amp;apos;Windows 10&amp;apos;, os.arch: &amp;apos;amd64&amp;apos;, os.version: &amp;apos;10.0&amp;apos;, java.version: &amp;apos;15.0.1&amp;apos;
Driver info: io.appium.java_client.android.AndroidDriver
Capabilities {databaseEnabled: false, desired: {deviceName: MYX215A, platformName: android, platformVersion: 8.1.0, udid: INB04749A}, deviceApiLevel: 27, deviceManufacturer: alps, deviceModel: MYX215A, deviceName: INB04749A, deviceScreenDensity: 240, deviceScreenSize: 1920x1080, deviceUDID: INB04749A, javascriptEnabled: true, locationContextEnabled: false, networkConnectionEnabled: true, pixelRatio: 1.5, platform: LINUX, platformName: Android, platformVersion: 8.1.0, statBarHeight: 36, takesScreenshot: true, udid: INB04749A, viewportRect: {height: 972, left: 0, top: 36, width: 1920}, warnings: {}, webStorageEnabled: false}
Session ID: 958b28dd-03a8-4089-9228-f2eb8d5357bd
*** Element info: {Using=id, value=com.myxfitness.app:id/stats}">
      <![CDATA[org.openqa.selenium.NoSuchElementException: An element could not be located on the page using the given search parameters.
For documentation on this error, please visit: https://www.seleniumhq.org/exceptions/no_such_element.html
Build info: version: '3.141.59', revision: 'e82be7d358', time: '2018-11-14T08:17:03'
System info: host: 'DESKTOP-EER3MNQ', ip: '192.168.1.64', os.name: 'Windows 10', os.arch: 'amd64', os.version: '10.0', java.version: '15.0.1'
Driver info: io.appium.java_client.android.AndroidDriver
Capabilities {databaseEnabled: false, desired: {deviceName: MYX215A, platformName: android, platformVersion: 8.1.0, udid: INB04749A}, deviceApiLevel: 27, deviceManufacturer: alps, deviceModel: MYX215A, deviceName: INB04749A, deviceScreenDensity: 240, deviceScreenSize: 1920x1080, deviceUDID: INB04749A, javascriptEnabled: true, locationContextEnabled: false, networkConnectionEnabled: true, pixelRatio: 1.5, platform: LINUX, platformName: Android, platformVersion: 8.1.0, statBarHeight: 36, takesScreenshot: true, udid: INB04749A, viewportRect: {height: 972, left: 0, top: 36, width: 1920}, warnings: {}, webStorageEnabled: false}
Session ID: 958b28dd-03a8-4089-9228-f2eb8d5357bd
*** Element info: {Using=id, value=com.myxfitness.app:id/stats}
at org.openqa.selenium.remote.http.W3CHttpResponseCodec.createException(W3CHttpResponseCodec.java:187)
at org.openqa.selenium.remote.http.W3CHttpResponseCodec.decode(W3CHttpResponseCodec.java:122)
at org.openqa.selenium.remote.http.W3CHttpResponseCodec.decode(W3CHttpResponseCodec.java:49)
at org.openqa.selenium.remote.HttpCommandExecutor.execute(HttpCommandExecutor.java:158)
at io.appium.java_client.remote.AppiumCommandExecutor.execute(AppiumCommandExecutor.java:247)
at org.openqa.selenium.remote.RemoteWebDriver.execute(RemoteWebDriver.java:552)
at io.appium.java_client.DefaultGenericMobileDriver.execute(DefaultGenericMobileDriver.java:41)
at io.appium.java_client.AppiumDriver.execute(AppiumDriver.java:1)
at io.appium.java_client.android.AndroidDriver.execute(AndroidDriver.java:1)
at org.openqa.selenium.remote.RemoteWebDriver.findElement(RemoteWebDriver.java:323)
at io.appium.java_client.DefaultGenericMobileDriver.findElement(DefaultGenericMobileDriver.java:61)
at io.appium.java_client.AppiumDriver.findElement(AppiumDriver.java:1)
at io.appium.java_client.android.AndroidDriver.findElement(AndroidDriver.java:1)
at org.openqa.selenium.remote.RemoteWebDriver.findElementById(RemoteWebDriver.java:372)
at io.appium.java_client.DefaultGenericMobileDriver.findElementById(DefaultGenericMobileDriver.java:69)
at io.appium.java_client.AppiumDriver.findElementById(AppiumDriver.java:1)
at io.appium.java_client.android.AndroidDriver.findElementById(AndroidDriver.java:1)
at testCases.HomeScreenCases.openMenuCheckAddUser(HomeScreenCases.java:110)
at java.base/java.util.ArrayList.forEach(ArrayList.java:1511)
... Removed 36 stack frames]]>
    </failure>
  </testcase> <!-- openMenuCheckAddUser -->
  <testcase classname="testCases.ManageProfilesCases" name="openManageProfiles" time="11.274"/>
  <testcase classname="testCases.ManageProfilesCases" name="editManageProfiles" time="46.33"/>
  <testcase classname="testCases.ManageProfilesCases" name="editManageProfilesBack" time="46.064"/>
  <testcase classname="testCases.SetupConnection" name="@AfterSuite TearDown" time="0.0">
    <ignored/>
  </testcase> <!-- @AfterSuite TearDown -->
  <testcase classname="testCases.SetupConnection" name="@AfterSuite TearDown" time="0.0">
    <ignored/>
  </testcase> <!-- @AfterSuite TearDown -->
  <testcase classname="testCases.SetupConnection" name="@AfterSuite TearDown" time="0.0">
    <ignored/>
  </testcase> <!-- @AfterSuite TearDown -->
  <testcase classname="testCases.SetupConnection" name="@BeforeSuite startConnection" time="0.0">
    <ignored/>
  </testcase> <!-- @BeforeSuite startConnection -->
  <testcase classname="testCases.SetupConnection" name="@BeforeSuite startConnection" time="0.0">
    <ignored/>
  </testcase> <!-- @BeforeSuite startConnection -->
  <testcase classname="testCases.SetupConnection" name="@BeforeSuite startConnection" time="0.0">
    <ignored/>
  </testcase> <!-- @BeforeSuite startConnection -->
</testsuite> <!-- MYXfitness Resgression Test Classes -->
