<?xml version="1.0" encoding="UTF-8"?>
<!-- Generated by org.testng.reporters.JUnitXMLReporter -->
<testsuite ignored="8" hostname="DESKTOP-EER3MNQ" failures="2" tests="46" name="MYXfitness Resgression Test Classes" time="255.271" errors="0" timestamp="2021-03-01T15:57:44 ART">
  <testcase classname="testCases.S001LogInCases" name="welcomeisDisplayed" time="0.263">
    <skipped/>
  </testcase> <!-- welcomeisDisplayed -->
  <testcase classname="testCases.S001LogInCases" name="welcomeisDisplayed" time="0.105">
    <skipped/>
  </testcase> <!-- welcomeisDisplayed -->
  <testcase classname="testCases.S001LogInCases" name="welcomeisDisplayed" time="0.109">
    <skipped/>
  </testcase> <!-- welcomeisDisplayed -->
  <testcase classname="testCases.S001LogInCases" name="welcomeisDisplayed" time="0.052">
    <failure type="java.lang.AssertionError" message="The following asserts failed:
	expected [WELCOME TO MYXfitness!dsedsf] but found [WELCOME TO MYXfitness!]">
      <![CDATA[java.lang.AssertionError: The following asserts failed:
expected [WELCOME TO MYXfitness!dsedsf] but found [WELCOME TO MYXfitness!]
at org.testng.asserts.SoftAssert.assertAll(SoftAssert.java:47)
at org.testng.asserts.SoftAssert.assertAll(SoftAssert.java:31)
at testCases.S001LogInCases.welcomeisDisplayed(S001LogInCases.java:51)
at java.base/jdk.internal.reflect.NativeMethodAccessorImpl.invoke0(Native Method)
at java.base/jdk.internal.reflect.NativeMethodAccessorImpl.invoke(NativeMethodAccessorImpl.java:64)
at java.base/jdk.internal.reflect.DelegatingMethodAccessorImpl.invoke(DelegatingMethodAccessorImpl.java:43)
at java.base/java.lang.reflect.Method.invoke(Method.java:564)
at org.testng.internal.MethodInvocationHelper.invokeMethod(MethodInvocationHelper.java:132)
at org.testng.internal.TestInvoker.invokeMethod(TestInvoker.java:599)
at org.testng.internal.TestInvoker.retryFailed(TestInvoker.java:214)
at org.testng.internal.MethodRunner.runInSequence(MethodRunner.java:58)
at org.testng.internal.TestInvoker$MethodInvocationAgent.invoke(TestInvoker.java:822)
at org.testng.internal.TestInvoker.invokeTestMethods(TestInvoker.java:147)
at org.testng.internal.TestMethodWorker.invokeTestMethods(TestMethodWorker.java:146)
at org.testng.internal.TestMethodWorker.run(TestMethodWorker.java:128)
at java.base/java.util.ArrayList.forEach(ArrayList.java:1511)
at org.testng.TestRunner.privateRun(TestRunner.java:764)
at org.testng.TestRunner.run(TestRunner.java:585)
at org.testng.SuiteRunner.runTest(SuiteRunner.java:384)
at org.testng.SuiteRunner.runSequentially(SuiteRunner.java:378)
at org.testng.SuiteRunner.privateRun(SuiteRunner.java:337)
at org.testng.SuiteRunner.run(SuiteRunner.java:286)
at org.testng.SuiteRunnerWorker.runSuite(SuiteRunnerWorker.java:53)
at org.testng.SuiteRunnerWorker.run(SuiteRunnerWorker.java:96)
at org.testng.TestNG.runSuitesSequentially(TestNG.java:1218)
at org.testng.TestNG.runSuitesLocally(TestNG.java:1140)
at org.testng.TestNG.runSuites(TestNG.java:1069)
at org.testng.TestNG.run(TestNG.java:1037)
at org.testng.remote.AbstractRemoteTestNG.run(AbstractRemoteTestNG.java:115)
at org.testng.remote.RemoteTestNG.initAndRun(RemoteTestNG.java:251)
at org.testng.remote.RemoteTestNG.main(RemoteTestNG.java:77)
]]>
    </failure>
  </testcase> <!-- welcomeisDisplayed -->
  <testcase classname="testCases.S001LogInCases" name="theRoadisDisplayed" time="0.17"/>
  <testcase classname="testCases.S001LogInCases" name="invalidEmail" time="6.62"/>
  <testcase classname="testCases.S001LogInCases" name="invalidPassword" time="4.27"/>
  <testcase classname="testCases.S001LogInCases" name="noEmailAndPassword" time="3.609"/>
  <testcase classname="testCases.S001LogInCases" name="passwordRecoveryEmpty" time="3.71"/>
  <testcase classname="testCases.S001LogInCases" name="passwordRecoveryWrongEmail" time="5.66"/>
  <testcase classname="testCases.S001LogInCases" name="passwordRecoveryzValid" time="5.566"/>
  <testcase classname="testCases.S001LogInCases" name="iDontHaveAccount" time="2.693"/>
  <testcase classname="testCases.S001LogInCases" name="validEmailAndPassword" time="6.854"/>
  <testcase classname="testCases.S002WhosWorkingCases" name="profileTitleisDisplayed" time="0.065"/>
  <testcase classname="testCases.S002WhosWorkingCases" name="whosWorkingOutTitleisDisplayed" time="0.063"/>
  <testcase classname="testCases.S002WhosWorkingCases" name="mainProfileisDisplayed" time="0.163"/>
  <testcase classname="testCases.S002WhosWorkingCases" name="addUserisDisplayed" time="0.039"/>
  <testcase classname="testCases.S002WhosWorkingCases" name="clickAddUser" time="1.513"/>
  <testcase classname="testCases.S002WhosWorkingCases" name="validateOptionsAvailable" time="2.009"/>
  <testcase classname="testCases.S003HomeScreenActiveAccountCases" name="profileHeaderIsVisible" time="7.805"/>
  <testcase classname="testCases.S003HomeScreenActiveAccountCases" name="accountNameIsVisible" time="0.171"/>
  <testcase classname="testCases.S003HomeScreenActiveAccountCases" name="bikeFilterIsVisible" time="0.24"/>
  <testcase classname="testCases.S003HomeScreenActiveAccountCases" name="floorFilterIsVisible" time="0.161"/>
  <testcase classname="testCases.S003HomeScreenActiveAccountCases" name="recoveryFilterIsVisible" time="0.155"/>
  <testcase classname="testCases.S003HomeScreenActiveAccountCases" name="crossTrainingFilterIsVisible" time="0.132"/>
  <testcase classname="testCases.S003HomeScreenActiveAccountCases" name="myxMediaIsVisible" time="0.101"/>
  <testcase classname="testCases.S003HomeScreenActiveAccountCases" name="smartMYXIsVisible" time="0.125"/>
  <testcase classname="testCases.S003HomeScreenActiveAccountCases" name="calendarIsVisible" time="0.094"/>
  <testcase classname="testCases.S003HomeScreenActiveAccountCases" name="myxLogoIsVisible" time="0.103"/>
  <testcase classname="testCases.S003HomeScreenActiveAccountCases" name="openMenu" time="0.824"/>
  <testcase classname="testCases.S004ManageProfilesCases" name="openManageProfiles" time="10.151"/>
  <testcase classname="testCases.S004ManageProfilesCases" name="editManageProfiles" time="46.699"/>
  <testcase classname="testCases.S004ManageProfilesCases" name="editManageProfilesBack" time="48.739"/>
  <testcase classname="testCases.S004ManageProfilesCases" name="changeMainProfilePicture" time="23.596">
    <skipped/>
  </testcase> <!-- changeMainProfilePicture -->
  <testcase classname="testCases.S004ManageProfilesCases" name="changeMainProfilePicture" time="20.227">
    <skipped/>
  </testcase> <!-- changeMainProfilePicture -->
  <testcase classname="testCases.S004ManageProfilesCases" name="changeMainProfilePicture" time="20.478">
    <skipped/>
  </testcase> <!-- changeMainProfilePicture -->
  <testcase classname="testCases.S004ManageProfilesCases" name="changeMainProfilePicture" time="20.97">
    <failure type="org.openqa.selenium.TimeoutException" message="Expected condition failed: waiting for element to be clickable: By.id: com.myxfitness.app:id/profileHeader (tried for 10 second(s) with 500 milliseconds interval)">
      <![CDATA[org.openqa.selenium.TimeoutException: Expected condition failed: waiting for element to be clickable: By.id: com.myxfitness.app:id/profileHeader (tried for 10 second(s) with 500 milliseconds interval)
at org.openqa.selenium.support.ui.WebDriverWait.timeoutException(WebDriverWait.java:95)
at org.openqa.selenium.support.ui.FluentWait.until(FluentWait.java:272)
at testCases.S004ManageProfilesCases.changeMainProfilePicture(S004ManageProfilesCases.java:332)
at java.base/jdk.internal.reflect.NativeMethodAccessorImpl.invoke0(Native Method)
at java.base/jdk.internal.reflect.NativeMethodAccessorImpl.invoke(NativeMethodAccessorImpl.java:64)
at java.base/jdk.internal.reflect.DelegatingMethodAccessorImpl.invoke(DelegatingMethodAccessorImpl.java:43)
at java.base/java.lang.reflect.Method.invoke(Method.java:564)
at org.testng.internal.MethodInvocationHelper.invokeMethod(MethodInvocationHelper.java:132)
at org.testng.internal.TestInvoker.invokeMethod(TestInvoker.java:599)
at org.testng.internal.TestInvoker.retryFailed(TestInvoker.java:214)
at org.testng.internal.MethodRunner.runInSequence(MethodRunner.java:58)
at org.testng.internal.TestInvoker$MethodInvocationAgent.invoke(TestInvoker.java:822)
at org.testng.internal.TestInvoker.invokeTestMethods(TestInvoker.java:147)
at org.testng.internal.TestMethodWorker.invokeTestMethods(TestMethodWorker.java:146)
at org.testng.internal.TestMethodWorker.run(TestMethodWorker.java:128)
at java.base/java.util.ArrayList.forEach(ArrayList.java:1511)
at org.testng.TestRunner.privateRun(TestRunner.java:764)
at org.testng.TestRunner.run(TestRunner.java:585)
at org.testng.SuiteRunner.runTest(SuiteRunner.java:384)
at org.testng.SuiteRunner.runSequentially(SuiteRunner.java:378)
at org.testng.SuiteRunner.privateRun(SuiteRunner.java:337)
at org.testng.SuiteRunner.run(SuiteRunner.java:286)
at org.testng.SuiteRunnerWorker.runSuite(SuiteRunnerWorker.java:53)
at org.testng.SuiteRunnerWorker.run(SuiteRunnerWorker.java:96)
at org.testng.TestNG.runSuitesSequentially(TestNG.java:1218)
at org.testng.TestNG.runSuitesLocally(TestNG.java:1140)
at org.testng.TestNG.runSuites(TestNG.java:1069)
at org.testng.TestNG.run(TestNG.java:1037)
at org.testng.remote.AbstractRemoteTestNG.run(AbstractRemoteTestNG.java:115)
at org.testng.remote.RemoteTestNG.initAndRun(RemoteTestNG.java:251)
at org.testng.remote.RemoteTestNG.main(RemoteTestNG.java:77)
Caused by: org.openqa.selenium.NoSuchElementException: An element could not be located on the page using the given search parameters.
For documentation on this error, please visit: https://www.seleniumhq.org/exceptions/no_such_element.html
Build info: version: '3.141.59', revision: 'e82be7d358', time: '2018-11-14T08:17:03'
System info: host: 'DESKTOP-EER3MNQ', ip: '192.168.1.64', os.name: 'Windows 10', os.arch: 'amd64', os.version: '10.0', java.version: '15.0.1'
Driver info: io.appium.java_client.android.AndroidDriver
Capabilities {databaseEnabled: false, desired: {deviceName: MYX215A, platformName: android, platformVersion: 8.1.0, udid: INB04749A}, deviceApiLevel: 27, deviceManufacturer: alps, deviceModel: MYX215A, deviceName: INB04749A, deviceScreenDensity: 240, deviceScreenSize: 1920x1080, deviceUDID: INB04749A, javascriptEnabled: true, locationContextEnabled: false, networkConnectionEnabled: true, pixelRatio: 1.5, platform: LINUX, platformName: Android, platformVersion: 8.1.0, statBarHeight: 36, takesScreenshot: true, udid: INB04749A, viewportRect: {height: 972, left: 0, top: 36, width: 1920}, warnings: {}, webStorageEnabled: false}
Session ID: 3fe00c28-0a2f-45af-a874-8f87cfacb9ae
*** Element info: {Using=id, value=com.myxfitness.app:id/profileHeader}
at java.base/jdk.internal.reflect.NativeConstructorAccessorImpl.newInstance0(Native Method)
at java.base/jdk.internal.reflect.NativeConstructorAccessorImpl.newInstance(NativeConstructorAccessorImpl.java:64)
at java.base/jdk.internal.reflect.DelegatingConstructorAccessorImpl.newInstance(DelegatingConstructorAccessorImpl.java:45)
at java.base/java.lang.reflect.Constructor.newInstanceWithCaller(Constructor.java:500)
at java.base/java.lang.reflect.Constructor.newInstance(Constructor.java:481)
at org.openqa.selenium.remote.http.W3CHttpResponseCodec.createException(W3CHttpResponseCodec.java:187)
at org.openqa.selenium.remote.http.W3CHttpResponseCodec.decode(W3CHttpResponseCodec.java:122)
at org.openqa.selenium.remote.http.W3CHttpResponseCodec.decode(W3CHttpResponseCodec.java:49)
at org.openqa.selenium.remote.HttpCommandExecutor.execute(HttpCommandExecutor.java:158)
at io.appium.java_client.remote.AppiumCommandExecutor.execute(AppiumCommandExecutor.java:247)
at org.openqa.selenium.remote.RemoteWebDriver.execute(RemoteWebDriver.java:552)
at io.appium.java_client.DefaultGenericMobileDriver.execute(DefaultGenericMobileDriver.java:41)
at io.appium.java_client.AppiumDriver.execute(AppiumDriver.java:1)
at io.appium.java_client.android.AndroidDriver.execute(AndroidDriver.java:1)
at org.openqa.selenium.remote.RemoteWebDriver.findElement(RemoteWebDriver.java:323)
at io.appium.java_client.DefaultGenericMobileDriver.findElement(DefaultGenericMobileDriver.java:61)
at io.appium.java_client.AppiumDriver.findElement(AppiumDriver.java:1)
at io.appium.java_client.android.AndroidDriver.findElement(AndroidDriver.java:1)
at org.openqa.selenium.remote.RemoteWebDriver.findElementById(RemoteWebDriver.java:372)
at io.appium.java_client.DefaultGenericMobileDriver.findElementById(DefaultGenericMobileDriver.java:69)
at io.appium.java_client.AppiumDriver.findElementById(AppiumDriver.java:1)
at io.appium.java_client.android.AndroidDriver.findElementById(AndroidDriver.java:1)
at org.openqa.selenium.By$ById.findElement(By.java:188)
at org.openqa.selenium.remote.RemoteWebDriver.findElement(RemoteWebDriver.java:315)
at io.appium.java_client.DefaultGenericMobileDriver.findElement(DefaultGenericMobileDriver.java:57)
at io.appium.java_client.AppiumDriver.findElement(AppiumDriver.java:1)
at io.appium.java_client.android.AndroidDriver.findElement(AndroidDriver.java:1)
at org.openqa.selenium.support.ui.ExpectedConditions$7.apply(ExpectedConditions.java:205)
at org.openqa.selenium.support.ui.ExpectedConditions$7.apply(ExpectedConditions.java:201)
at org.openqa.selenium.support.ui.ExpectedConditions$22.apply(ExpectedConditions.java:641)
at org.openqa.selenium.support.ui.ExpectedConditions$22.apply(ExpectedConditions.java:638)
at org.openqa.selenium.support.ui.FluentWait.until(FluentWait.java:249)
... 29 more
]]>
    </failure>
  </testcase> <!-- changeMainProfilePicture -->
  <testcase classname="testCases.S005AddProfileMainScreenCases" name="openMenuClickAddUser" time="3.692"/>
  <testcase classname="testCases.S005AddProfileMainScreenCases" name="createProfileIsDisplayed" time="0.533"/>
  <testcase classname="testCases.S005AddProfileMainScreenCases" name="pictureIconIsDisplayed" time="0.485"/>
  <testcase classname="testCases.S005AddProfileMainScreenCases" name="emailFieldIsVisible" time="0.484"/>
  <testcase classname="testCases.S005AddProfileMainScreenCases" name="firstNameFieldIsVisible" time="0.494"/>
  <testcase classname="testCases.S005AddProfileMainScreenCases" name="lastNameFieldIsVisible" time="0.494"/>
  <testcase classname="testCases.S005AddProfileMainScreenCases" name="termsAndConditionsTitleIsVisible" time="0.489"/>
  <testcase classname="testCases.S005AddProfileMainScreenCases" name="termsAndConditionsContentIsVisible" time="2.504"/>
  <testcase classname="testCases.S005AddProfileMainScreenCases" name="termsAndConditionsContentTestIsVisible" time="0.229"/>
  <testcase classname="testCases.SetupConnection" name="@AfterSuite TearDown" time="0.0">
    <ignored/>
  </testcase> <!-- @AfterSuite TearDown -->
  <testcase classname="testCases.SetupConnection" name="@AfterSuite TearDown" time="0.0">
    <ignored/>
  </testcase> <!-- @AfterSuite TearDown -->
  <testcase classname="testCases.SetupConnection" name="@AfterSuite TearDown" time="0.0">
    <ignored/>
  </testcase> <!-- @AfterSuite TearDown -->
  <testcase classname="testCases.SetupConnection" name="@AfterSuite TearDown" time="0.0">
    <ignored/>
  </testcase> <!-- @AfterSuite TearDown -->
  <testcase classname="testCases.SetupConnection" name="@BeforeSuite startConnection" time="0.0">
    <ignored/>
  </testcase> <!-- @BeforeSuite startConnection -->
  <testcase classname="testCases.SetupConnection" name="@BeforeSuite startConnection" time="0.0">
    <ignored/>
  </testcase> <!-- @BeforeSuite startConnection -->
  <testcase classname="testCases.SetupConnection" name="@BeforeSuite startConnection" time="0.0">
    <ignored/>
  </testcase> <!-- @BeforeSuite startConnection -->
  <testcase classname="testCases.SetupConnection" name="@BeforeSuite startConnection" time="0.0">
    <ignored/>
  </testcase> <!-- @BeforeSuite startConnection -->
</testsuite> <!-- MYXfitness Resgression Test Classes -->
